app/build/outputs/logs/manifest-merger-debug-report.txt
-- Merging decision tree log ---
manifest
ADDED from src\main\AndroidManifest.xml:2:1-45:12
	xmlns:android
		ADDED from src\main\AndroidManifest.xml:2:11-69
	package
		ADDED from src\main\AndroidManifest.xml:3:7-34
		INJECTED from src\main\AndroidManifest.xml
		INJECTED from src\main\AndroidManifest.xml
	android:versionName
		ADDED from src\main\AndroidManifest.xml:5:7-34
		INJECTED from src\main\AndroidManifest.xml
		INJECTED from src\main\AndroidManifest.xml
	android:versionCode
		ADDED from src\main\AndroidManifest.xml:4:7-32
		INJECTED from src\main\AndroidManifest.xml
		INJECTED from src\main\AndroidManifest.xml
uses-permission#android.permission.INTERNET
ADDED from src\main\AndroidManifest.xml:7:5-66
	android:name
		ADDED from src\main\AndroidManifest.xml:7:22-64
uses-permission#android.permission.READ_PHONE_STATE
ADDED from src\main\AndroidManifest.xml:8:5-74
	android:name
		ADDED from src\main\AndroidManifest.xml:8:22-72
uses-permission#android.permission.ACCESS_NETWORK_STATE
ADDED from src\main\AndroidManifest.xml:9:5-79
	android:name
		ADDED from src\main\AndroidManifest.xml:9:22-76
uses-permission#android.permission.ACCESS_WIFI_STATE
ADDED from src\main\AndroidManifest.xml:10:5-75
	android:name
		ADDED from src\main\AndroidManifest.xml:10:22-73
uses-permission#android.permission.WRITE_EXTERNAL_STORAGE
ADDED from src\main\AndroidManifest.xml:11:5-80
	android:name
		ADDED from src\main\AndroidManifest.xml:11:22-78
uses-permission#android.permission.SYSTEM_ALERT_WINDOW
ADDED from src\main\AndroidManifest.xml:12:5-77
	android:name
		ADDED from src\main\AndroidManifest.xml:12:22-75
uses-permission#android.permission.GET_TASKS
ADDED from src\main\AndroidManifest.xml:13:5-67
	android:name
		ADDED from src\main\AndroidManifest.xml:13:22-65
uses-sdk
ADDED from src\main\AndroidManifest.xml:14:5-73
MERGED from [com.android.support:support-v4:20.0.0] AndroidManifest.xml:16:5-42
	android:targetSdkVersion
		ADDED from src\main\AndroidManifest.xml:14:41-70
		INJECTED from src\main\AndroidManifest.xml
		INJECTED from src\main\AndroidManifest.xml
	android:minSdkVersion
		ADDED from src\main\AndroidManifest.xml:14:15-40
		INJECTED from src\main\AndroidManifest.xml
		INJECTED from src\main\AndroidManifest.xml
application
ADDED from src\main\AndroidManifest.xml:16:5-43:19
MERGED from [com.android.support:support-v4:20.0.0] AndroidManifest.xml:17:5-19
	android:label
		ADDED from src\main\AndroidManifest.xml:16:96-128
	android:allowBackup
		ADDED from src\main\AndroidManifest.xml:16:129-156
	android:icon
		ADDED from src\main\AndroidManifest.xml:16:66-95
	android:theme
		ADDED from src\main\AndroidManifest.xml:16:18-65
activity#io.vov.vitamio.activity.InitActivity
ADDED from src\main\AndroidManifest.xml:17:9-21:20
	android:windowSoftInputMode
		ADDED from src\main\AndroidManifest.xml:20:13-60
	android:theme
		ADDED from src\main\AndroidManifest.xml:19:13-60
	android:name
		ADDED from src\main\AndroidManifest.xml:17:19-70
	android:launchMode
		ADDED from src\main\AndroidManifest.xml:18:13-43
activity#com.baby.play.abc.MainUi
ADDED from src\main\AndroidManifest.xml:22:9-30:20
	android:windowSoftInputMode
		ADDED from src\main\AndroidManifest.xml:24:19-58
	android:screenOrientation
		ADDED from src\main\AndroidManifest.xml:25:19-55
	android:label
		ADDED from src\main\AndroidManifest.xml:23:16-48
	android:name
		ADDED from src\main\AndroidManifest.xml:22:19-58
intent-filter#android.intent.action.MAIN+android.intent.category.LAUNCHER
ADDED from src\main\AndroidManifest.xml:26:13-29:29
action#android.intent.action.MAIN
ADDED from src\main\AndroidManifest.xml:27:17-69
	android:name
		ADDED from src\main\AndroidManifest.xml:27:25-66
category#android.intent.category.LAUNCHER
ADDED from src\main\AndroidManifest.xml:28:17-77
	android:name
		ADDED from src\main\AndroidManifest.xml:28:27-74
activity#com.baby.play.abc.ConfirmActivity
ADDED from src\main\AndroidManifest.xml:31:3-35:43
	android:screenOrientation
		ADDED from src\main\AndroidManifest.xml:35:4-40
	android:theme
		ADDED from src\main\AndroidManifest.xml:34:4-44
	android:exported
		ADDED from src\main\AndroidManifest.xml:32:7-31
	android:name
		ADDED from src\main\AndroidManifest.xml:31:13-61
	android:launchMode
		ADDED from src\main\AndroidManifest.xml:33:4-33
activity#com.baby.play.abc.CustomeActivity
ADDED from src\main\AndroidManifest.xml:36:3-40:43
	android:screenOrientation
		ADDED from src\main\AndroidManifest.xml:40:4-40
	android:theme
		ADDED from src\main\AndroidManifest.xml:39:4-44
	android:exported
		ADDED from src\main\AndroidManifest.xml:37:7-31
	android:name
		ADDED from src\main\AndroidManifest.xml:36:13-61
	android:launchMode
		ADDED from src\main\AndroidManifest.xml:38:4-33
service#com.baby.play.abc.PlayService
ADDED from src\main\AndroidManifest.xml:41:9-73
	android:name
		ADDED from src\main\AndroidManifest.xml:41:18-62